0 info it worked if it ends with ok
1 verbose cli [ 'C:\\Users\\001398762\\Desktop\\Node-Dev Kit\\NodeJSPortable\\App\\NodeJS\\node.exe',
1 verbose cli   'C:\\Users\\001398762\\Desktop\\Node-Dev Kit\\NodeJSPortable\\Data\\node_modules\\npm\\bin\\npm-cli.js',
1 verbose cli   'install' ]
2 info using npm@3.5.3
3 info using node@v5.7.0
4 verbose stack Error: Cannot find module 'lodash.repeat'
4 verbose stack     at Function.Module._resolveFilename (module.js:339:15)
4 verbose stack     at Function.Module._load (module.js:290:25)
4 verbose stack     at Module.require (module.js:367:17)
4 verbose stack     at require (internal/module.js:16:19)
4 verbose stack     at Object.<anonymous> (C:\Users\001398762\Desktop\Node-Dev Kit\NodeJSPortable\Data\node_modules\npm\node_modules\npm-install-checks\node_modules\npmlog\node_modules\gauge\node_modules\lodash.padright\node_modules\lodash._createpadding\index.js:9:14)
4 verbose stack     at Module._compile (module.js:413:34)
4 verbose stack     at Object.Module._extensions..js (module.js:422:10)
4 verbose stack     at Module.load (module.js:357:32)
4 verbose stack     at Function.Module._load (module.js:314:12)
4 verbose stack     at Module.require (module.js:367:17)
5 verbose cwd C:\Users\001398762\Desktop\Node-Dev Kit\AdvWebDevFall2017\public_html\week1\demo\server5
6 error Windows_NT 6.1.7601
7 error argv "C:\\Users\\001398762\\Desktop\\Node-Dev Kit\\NodeJSPortable\\App\\NodeJS\\node.exe" "C:\\Users\\001398762\\Desktop\\Node-Dev Kit\\NodeJSPortable\\Data\\node_modules\\npm\\bin\\npm-cli.js" "install"
8 error node v5.7.0
9 error npm  v3.5.3
10 error code MODULE_NOT_FOUND
11 error Cannot find module 'lodash.repeat'
12 error If you need help, you may report this error at:
12 error     <https://github.com/npm/npm/issues>
13 verbose exit [ 1, true ]
